# JRE version: Java(TM) SE Runtime Environment 18.9 (11.0.11+9) (build 11.0.11+9-LTS-194)
# Java VM: Java HotSpot(TM) 64-Bit Server VM 18.9 (11.0.11+9-LTS-194, mixed mode, tiered, compressed oops, g1 gc, windows-amd64)
Heap:
 garbage-first heap   total 129024K, used 37678K [0x0000000082000000, 0x0000000100000000)
  region size 1024K, 12 young (12288K), 4 survivors (4096K)
 Metaspace       used 67320K, capacity 69117K, committed 69376K, reserved 1110016K
  class space    used 8432K, capacity 9148K, committed 9216K, reserved 1048576K
GC Heap History (10 events):
Event: 15.028 GC heap before
{Heap before GC invocations=8 (full 0):
 garbage-first heap   total 129024K, used 88705K [0x0000000082000000, 0x0000000100000000)
  region size 1024K, 75 young (76800K), 6 survivors (6144K)
 Metaspace       used 40339K, capacity 41717K, committed 41856K, reserved 1085440K
  class space    used 4812K, capacity 5384K, committed 5504K, reserved 1048576K
}
Event: 15.061 GC heap after
{Heap after GC invocations=9 (full 0):
 garbage-first heap   total 129024K, used 21252K [0x0000000082000000, 0x0000000100000000)
  region size 1024K, 6 young (6144K), 6 survivors (6144K)
 Metaspace       used 40339K, capacity 41717K, committed 41856K, reserved 1085440K
  class space    used 4812K, capacity 5384K, committed 5504K, reserved 1048576K
}
Event: 18.216 GC heap before
{Heap before GC invocations=9 (full 0):
 garbage-first heap   total 129024K, used 90884K [0x0000000082000000, 0x0000000100000000)
  region size 1024K, 75 young (76800K), 6 survivors (6144K)
 Metaspace       used 43159K, capacity 44671K, committed 44928K, reserved 1089536K
  class space    used 5112K, capacity 5710K, committed 5760K, reserved 1048576K
}
Event: 18.239 GC heap after
{Heap after GC invocations=10 (full 0):
 garbage-first heap   total 129024K, used 22890K [0x0000000082000000, 0x0000000100000000)
  region size 1024K, 7 young (7168K), 7 survivors (7168K)
 Metaspace       used 43159K, capacity 44671K, committed 44928K, reserved 1089536K
  class space    used 5112K, capacity 5710K, committed 5760K, reserved 1048576K
}
Event: 21.344 GC heap before
{Heap before GC invocations=10 (full 0):
 garbage-first heap   total 129024K, used 92522K [0x0000000082000000, 0x0000000100000000)
  region size 1024K, 75 young (76800K), 7 survivors (7168K)
 Metaspace       used 52461K, capacity 54034K, committed 54272K, reserved 1095680K
  class space    used 6449K, capacity 7096K, committed 7168K, reserved 1048576K
}
Event: 21.408 GC heap after
{Heap after GC invocations=11 (full 0):
 garbage-first heap   total 129024K, used 26627K [0x0000000082000000, 0x0000000100000000)
  region size 1024K, 9 young (9216K), 9 survivors (9216K)
 Metaspace       used 52461K, capacity 54034K, committed 54272K, reserved 1095680K
  class space    used 6449K, capacity 7096K, committed 7168K, reserved 1048576K
}
Event: 22.924 GC heap before
{Heap before GC invocations=11 (full 0):
 garbage-first heap   total 129024K, used 53251K [0x0000000082000000, 0x0000000100000000)
  region size 1024K, 36 young (36864K), 9 survivors (9216K)
 Metaspace       used 58408K, capacity 60067K, committed 60160K, reserved 1101824K
  class space    used 7202K, capacity 7888K, committed 7936K, reserved 1048576K
}
Event: 22.940 GC heap after
{Heap after GC invocations=12 (full 0):
 garbage-first heap   total 129024K, used 28365K [0x0000000082000000, 0x0000000100000000)
  region size 1024K, 7 young (7168K), 7 survivors (7168K)
 Metaspace       used 58408K, capacity 60067K, committed 60160K, reserved 1101824K
  class space    used 7202K, capacity 7888K, committed 7936K, reserved 1048576K
}
Event: 25.429 GC heap before
{Heap before GC invocations=13 (full 0):
 garbage-first heap   total 129024K, used 87757K [0x0000000082000000, 0x0000000100000000)
  region size 1024K, 66 young (67584K), 7 survivors (7168K)
 Metaspace       used 66172K, capacity 67935K, committed 68224K, reserved 1107968K
  class space    used 8311K, capacity 9009K, committed 9088K, reserved 1048576K
}
Event: 25.442 GC heap after
{Heap after GC invocations=14 (full 0):
 garbage-first heap   total 129024K, used 30510K [0x0000000082000000, 0x0000000100000000)
  region size 1024K, 4 young (4096K), 4 survivors (4096K)
 Metaspace       used 66172K, capacity 67935K, committed 68224K, reserved 1107968K
  class space    used 8311K, capacity 9009K, committed 9088K, reserved 1048576K
}

