# JRE version: Java(TM) SE Runtime Environment 18.9 (11.0.11+9) (build 11.0.11+9-LTS-194)
# Java VM: Java HotSpot(TM) 64-Bit Server VM 18.9 (11.0.11+9-LTS-194, mixed mode, tiered, compressed oops, g1 gc, windows-amd64)
Heap:
 garbage-first heap   total 155648K, used 63712K [0x0000000082000000, 0x0000000100000000)
  region size 1024K, 49 young (50176K), 8 survivors (8192K)
 Metaspace       used 49455K, capacity 50981K, committed 51072K, reserved 1093632K
  class space    used 6121K, capacity 6740K, committed 6784K, reserved 1048576K
GC Heap History (10 events):
Event: 8.551 GC heap before
{Heap before GC invocations=4 (full 0):
 garbage-first heap   total 129024K, used 77899K [0x0000000082000000, 0x0000000100000000)
  region size 1024K, 65 young (66560K), 1 survivors (1024K)
 Metaspace       used 31489K, capacity 32518K, committed 32768K, reserved 1077248K
  class space    used 3624K, capacity 4043K, committed 4096K, reserved 1048576K
}
Event: 8.567 GC heap after
{Heap after GC invocations=5 (full 0):
 garbage-first heap   total 129024K, used 15435K [0x0000000082000000, 0x0000000100000000)
  region size 1024K, 4 young (4096K), 4 survivors (4096K)
 Metaspace       used 31489K, capacity 32518K, committed 32768K, reserved 1077248K
  class space    used 3624K, capacity 4043K, committed 4096K, reserved 1048576K
}
Event: 9.402 GC heap before
{Heap before GC invocations=5 (full 0):
 garbage-first heap   total 129024K, used 81995K [0x0000000082000000, 0x0000000100000000)
  region size 1024K, 70 young (71680K), 4 survivors (4096K)
 Metaspace       used 32864K, capacity 33921K, committed 34176K, reserved 1079296K
  class space    used 3776K, capacity 4191K, committed 4224K, reserved 1048576K
}
Event: 9.420 GC heap after
{Heap after GC invocations=6 (full 0):
 garbage-first heap   total 129024K, used 17122K [0x0000000082000000, 0x0000000100000000)
  region size 1024K, 6 young (6144K), 6 survivors (6144K)
 Metaspace       used 32864K, capacity 33921K, committed 34176K, reserved 1079296K
  class space    used 3776K, capacity 4191K, committed 4224K, reserved 1048576K
}
Event: 10.561 GC heap before
{Heap before GC invocations=6 (full 0):
 garbage-first heap   total 129024K, used 50914K [0x0000000082000000, 0x0000000100000000)
  region size 1024K, 40 young (40960K), 6 survivors (6144K)
 Metaspace       used 34725K, capacity 35788K, committed 35840K, reserved 1081344K
  class space    used 4017K, capacity 4468K, committed 4480K, reserved 1048576K
}
Event: 10.580 GC heap after
{Heap after GC invocations=7 (full 0):
 garbage-first heap   total 129024K, used 17834K [0x0000000082000000, 0x0000000100000000)
  region size 1024K, 6 young (6144K), 6 survivors (6144K)
 Metaspace       used 34725K, capacity 35788K, committed 35840K, reserved 1081344K
  class space    used 4017K, capacity 4468K, committed 4480K, reserved 1048576K
}
Event: 14.712 GC heap before
{Heap before GC invocations=8 (full 0):
 garbage-first heap   total 129024K, used 87466K [0x0000000082000000, 0x0000000100000000)
  region size 1024K, 74 young (75776K), 6 survivors (6144K)
 Metaspace       used 40332K, capacity 41717K, committed 41856K, reserved 1085440K
  class space    used 4813K, capacity 5384K, committed 5504K, reserved 1048576K
}
Event: 14.748 GC heap after
{Heap after GC invocations=9 (full 0):
 garbage-first heap   total 155648K, used 20972K [0x0000000082000000, 0x0000000100000000)
  region size 1024K, 6 young (6144K), 6 survivors (6144K)
 Metaspace       used 40332K, capacity 41717K, committed 41856K, reserved 1085440K
  class space    used 4813K, capacity 5384K, committed 5504K, reserved 1048576K
}
Event: 18.144 GC heap before
{Heap before GC invocations=9 (full 0):
 garbage-first heap   total 155648K, used 106988K [0x0000000082000000, 0x0000000100000000)
  region size 1024K, 91 young (93184K), 6 survivors (6144K)
 Metaspace       used 43735K, capacity 45284K, committed 45568K, reserved 1089536K
  class space    used 5194K, capacity 5826K, committed 5888K, reserved 1048576K
}
Event: 18.160 GC heap after
{Heap after GC invocations=10 (full 0):
 garbage-first heap   total 155648K, used 22752K [0x0000000082000000, 0x0000000100000000)
  region size 1024K, 8 young (8192K), 8 survivors (8192K)
 Metaspace       used 43735K, capacity 45284K, committed 45568K, reserved 1089536K
  class space    used 5194K, capacity 5826K, committed 5888K, reserved 1048576K
}

